<?xml version="1.0" encoding="UTF-8"?>
<!-- Generated by org.testng.reporters.JUnitReportReporter -->
<testsuite skipped="0" hostname="TSPL-DEV209B" name="TestCases.Verify_Button_Presence1" tests="1" failures="0" timestamp="2019-11-19T18:06:13 IST" time="36.086" errors="0">
  <testcase name="Verify_Button_Presence_All" time="36.086" classname="TestCases.Verify_Button_Presence1"/>
</testsuite> <!-- TestCases.Verify_Button_Presence1 -->
