<?xml version="1.0" encoding="UTF-8"?>
<!-- Generated by org.testng.reporters.JUnitReportReporter -->
<testsuite skipped="0" hostname="TSPL-DEV209B" name="TestCases.Verify_Button_New_Vehicle" tests="1" failures="0" timestamp="2019-11-15T14:16:35 IST" time="23.416" errors="0">
  <testcase name="verifyLogin" time="23.416" classname="TestCases.Verify_Button_New_Vehicle"/>
</testsuite> <!-- TestCases.Verify_Button_New_Vehicle -->
