<?xml version="1.0" encoding="UTF-8"?>
<!-- Generated by org.testng.reporters.JUnitReportReporter -->
<testsuite skipped="0" hostname="TSPL-DEV209B" name="TestCases.Login_Dashboard_Excel" tests="2" failures="0" timestamp="2019-11-15T13:50:38 IST" time="0.006" errors="0">
  <testcase name="verifyLogin" time="0.004" classname="TestCases.Login_Dashboard_Excel"/>
  <testcase name="verifyLogin" time="0.002" classname="TestCases.Login_Dashboard_Excel"/>
</testsuite> <!-- TestCases.Login_Dashboard_Excel -->
